2025-03-30 22:17:22 [undefined] error: uncaughtException: (intermediate value) is not iterable
TypeError: (intermediate value) is not iterable
    at exports.searchDataMysql (C:\project\phaser\CRUD.js:32:29)
    at process.processTicksAndRejections (node:internal/process/task_queues:105:5)
    at async exports.seoulData (C:\project\phaser\router.js:37:21)
2025-03-30 22:18:19 [undefined] error: uncaughtException: connection.query is not a function
TypeError: connection.query is not a function
    at exports.searchDataMysql (C:\project\phaser\CRUD.js:32:46)
    at exports.seoulData (C:\project\phaser\router.js:37:32)
    at Layer.handle [as handle_request] (C:\project\phaser\node_modules\express\lib\router\layer.js:95:5)
    at next (C:\project\phaser\node_modules\express\lib\router\route.js:149:13)
    at Route.dispatch (C:\project\phaser\node_modules\express\lib\router\route.js:119:3)
    at Layer.handle [as handle_request] (C:\project\phaser\node_modules\express\lib\router\layer.js:95:5)
    at C:\project\phaser\node_modules\express\lib\router\index.js:284:15
    at Function.process_params (C:\project\phaser\node_modules\express\lib\router\index.js:346:12)
    at next (C:\project\phaser\node_modules\express\lib\router\index.js:280:10)
    at jsonParser (C:\project\phaser\node_modules\body-parser\lib\types\json.js:113:7)
2025-03-30 22:19:44 [undefined] error: uncaughtException: rows is not defined
ReferenceError: rows is not defined
    at exports.searchDataMysql (C:\project\phaser\CRUD.js:35:5)
    at process.processTicksAndRejections (node:internal/process/task_queues:105:5)
    at async exports.seoulData (C:\project\phaser\router.js:37:21)
2025-03-30 22:21:09 [undefined] error: uncaughtException: Converting circular structure to JSON
    --> starting at object with constructor 'Query'
    |     property '_timer' -> object with constructor 'Timer'
    --- property '_object' closes the circle
TypeError: Converting circular structure to JSON
    --> starting at object with constructor 'Query'
    |     property '_timer' -> object with constructor 'Timer'
    --- property '_object' closes the circle
    at JSON.stringify (<anonymous>)
    at exports.searchDataMysql (C:\project\phaser\CRUD.js:33:35)
    at process.processTicksAndRejections (node:internal/process/task_queues:105:5)
    at async exports.seoulData (C:\project\phaser\router.js:37:21)
